Arguments: 
  /home/rufus/.nvm/versions/node/v6.10.3/bin/node /usr/share/yarn/bin/yarn.js add express bodyparser mongoose passport

PATH: 
  /home/rufus/.nvm/versions/node/v6.10.3/bin:/home/rufus/.rvm/gems/ruby-2.3.4/bin:/home/rufus/.rvm/gems/ruby-2.3.4@global/bin:/usr/share/rvm/rubies/ruby-2.3.4/bin:/home/rufus/bin:/usr/local/sbin:/usr/local/bin:/usr/sbin:/usr/bin:/sbin:/bin:/usr/games:/usr/local/games:/usr/share/rvm/bin

Yarn version: 
  1.12.3

Node version: 
  6.10.3

Platform: 
  linux x64

Trace: 
  Error: https://registry.yarnpkg.com/bodyparser: Not found
      at Request.params.callback [as _callback] (/usr/share/yarn/lib/cli.js:65894:18)
      at Request.self.callback (/usr/share/yarn/lib/cli.js:129018:22)
      at emitTwo (events.js:106:13)
      at Request.emit (events.js:191:7)
      at Request.<anonymous> (/usr/share/yarn/lib/cli.js:129990:10)
      at emitOne (events.js:96:13)
      at Request.emit (events.js:188:7)
      at IncomingMessage.<anonymous> (/usr/share/yarn/lib/cli.js:129912:12)
      at IncomingMessage.g (events.js:292:16)
      at emitNone (events.js:91:20)

npm manifest: 
  {
    "name": "shoppingcart",
    "version": "0.0.1",
    "main": "app.js",
    "author": "roelkers",
    "license": "MIT"
  }

yarn manifest: 
  No manifest

Lockfile: 
  # THIS IS AN AUTOGENERATED FILE. DO NOT EDIT THIS FILE DIRECTLY.
  # yarn lockfile v1
